  main.cpp
d:\glbm\consoleapplication1\includes\learnopengl\shader.h(63): warning C4101: 'infoLog': unreferenced local variable
d:\glbm\consoleapplication1\includes\learnopengl\shader.h(62): warning C4101: 'success': unreferenced local variable
d:\glbm\consoleapplication1\includes\learnopengl\filesystem.h(22): warning C4996: 'getenv': This function or variable may be unsafe. Consider using _dupenv_s instead. To disable deprecation, use _CRT_SECURE_NO_WARNINGS. See online help for details.
  c:\program files (x86)\windows kits\10\include\10.0.10240.0\ucrt\stdlib.h(1183): note: see declaration of 'getenv'
d:\glbm\consoleapplication1\main.cpp(168): warning C4244: 'initializing': conversion from 'double' to 'GLfloat', possible loss of data
d:\glbm\consoleapplication1\main.cpp(284): warning C4305: '-=': truncation from 'double' to 'GLfloat'
d:\glbm\consoleapplication1\main.cpp(286): warning C4305: '-=': truncation from 'double' to 'GLfloat'
d:\glbm\consoleapplication1\main.cpp(299): warning C4305: '+=': truncation from 'double' to 'GLfloat'
d:\glbm\consoleapplication1\main.cpp(301): warning C4305: '+=': truncation from 'double' to 'GLfloat'
d:\glbm\consoleapplication1\main.cpp(473): warning C4244: '-=': conversion from 'double' to 'GLfloat', possible loss of data
d:\glbm\consoleapplication1\main.cpp(475): warning C4244: '+=': conversion from 'double' to 'GLfloat', possible loss of data
d:\glbm\consoleapplication1\main.cpp(502): warning C4244: '=': conversion from 'double' to 'GLfloat', possible loss of data
d:\glbm\consoleapplication1\main.cpp(503): warning C4244: '=': conversion from 'double' to 'GLfloat', possible loss of data
d:\glbm\consoleapplication1\main.cpp(507): warning C4244: 'initializing': conversion from 'double' to 'GLfloat', possible loss of data
d:\glbm\consoleapplication1\main.cpp(508): warning C4244: 'initializing': conversion from 'double' to 'GLfloat', possible loss of data
d:\glbm\consoleapplication1\main.cpp(510): warning C4244: '=': conversion from 'double' to 'GLfloat', possible loss of data
d:\glbm\consoleapplication1\main.cpp(511): warning C4244: '=': conversion from 'double' to 'GLfloat', possible loss of data
d:\glbm\consoleapplication1\main.cpp(518): warning C4244: 'argument': conversion from 'double' to 'GLfloat', possible loss of data
  ConsoleApplication1.vcxproj -> D:\glBm\Debug\ConsoleApplication1.exe
  ConsoleApplication1.vcxproj -> D:\glBm\Debug\ConsoleApplication1.pdb (Full PDB)
